<?xml version="1.0" encoding="UTF-8"?>
<testng-results ignored="0" total="1" passed="1" failed="0" skipped="0">
  <reporter-output>
  </reporter-output>
  <suite started-at="2022-09-17T11:48:33 IST" name="Default suite" finished-at="2022-09-17T11:48:33 IST" duration-ms="123">
    <groups>
    </groups>
    <test started-at="2022-09-17T11:48:33 IST" name="Default test" finished-at="2022-09-17T11:48:33 IST" duration-ms="123">
      <class name="practice.AddToCartTest1">
        <test-method signature="addToCartTest()[pri:0, instance:practice.AddToCartTest1@3eb7fc54]" started-at="2022-09-17T11:48:33 IST" name="addToCartTest" finished-at="2022-09-17T11:48:33 IST" duration-ms="21" status="PASS">
          <reporter-output>
          </reporter-output>
        </test-method> <!-- addToCartTest -->
      </class> <!-- practice.AddToCartTest1 -->
    </test> <!-- Default test -->
  </suite> <!-- Default suite -->
</testng-results>
